<?xml version="1.0" encoding="UTF-8"?>
<!-- Generated by org.testng.reporters.JUnitReportReporter -->
<testsuite hostname="ForeVision" name="testNgPOM.testValidlLoginPage" tests="1" failures="0" timestamp="29 Nov 2019 11:34:55 GMT" time="13.424" errors="0">
  <testcase name="validLogin" time="13.424" classname="testNgPOM.testValidlLoginPage"/>
</testsuite> <!-- testNgPOM.testValidlLoginPage -->
