<?xml version="1.0" encoding="UTF-8"?>
<!-- Generated by org.testng.reporters.JUnitReportReporter -->
<testsuite hostname="ForeVision" name="testngA.loginPage" tests="2" failures="0" timestamp="18 Dec 2019 16:39:05 GMT" time="0.036" errors="0">
  <testcase name="passWord" time="0.031" classname="testngA.loginPage"/>
  <testcase name="userName" time="0.005" classname="testngA.loginPage"/>
</testsuite> <!-- testngA.loginPage -->
