<?xml version="1.0" encoding="UTF-8"?>
<!-- Generated by org.testng.reporters.JUnitReportReporter -->
<testsuite hostname="ForeVision" name="com.actitime.reporttest.ReporterTest" tests="1" failures="0" timestamp="4 Dec 2019 07:18:45 GMT" time="0.016" errors="0">
  <testcase name="reporterTest" time="0.016" classname="com.actitime.reporttest.ReporterTest"/>
</testsuite> <!-- com.actitime.reporttest.ReporterTest -->
