<?xml version="1.0" encoding="UTF-8"?>
<!-- Generated by org.testng.reporters.JUnitReportReporter -->
<testsuite hostname="ForeVision" name="testNgparameter.parallelexe" tests="2" failures="0" timestamp="16 Dec 2019 17:07:52 GMT" time="96.652" errors="0">
  <testcase name="loginPageTest" time="63.336" classname="testNgparameter.parallelexe"/>
  <testcase name="loginPageTest" time="33.316" classname="testNgparameter.parallelexe"/>
</testsuite> <!-- testNgparameter.parallelexe -->
