<?xml version="1.0" encoding="UTF-8"?>
<!-- Generated by org.testng.reporters.JUnitReportReporter -->
<testsuite hostname="ForeVision" name="testNgparameter.invalidLogin" tests="5" failures="0" timestamp="10 Dec 2019 14:53:06 GMT" time="237.037" errors="0">
  <testcase name="loginPageTest" time="42.380" classname="testNgparameter.invalidLogin"/>
  <testcase name="loginPageTest" time="92.007" classname="testNgparameter.invalidLogin"/>
  <testcase name="loginPageTest" time="30.101" classname="testNgparameter.invalidLogin"/>
  <testcase name="loginPageTest" time="45.535" classname="testNgparameter.invalidLogin"/>
  <testcase name="loginPageTest" time="27.014" classname="testNgparameter.invalidLogin"/>
</testsuite> <!-- testNgparameter.invalidLogin -->
