<?xml version="1.0" encoding="UTF-8"?>
<!-- Generated by org.testng.reporters.JUnitReportReporter -->
<testsuite hostname="ForeVision" name="Assert.VerifieByAss" tests="1" failures="0" timestamp="19 Dec 2019 13:48:51 GMT" time="22.456" errors="0">
  <testcase name="login" time="22.456" classname="Assert.VerifieByAss"/>
</testsuite> <!-- Assert.VerifieByAss -->
