<?xml version="1.0" encoding="UTF-8"?>
<!-- Generated by org.testng.reporters.JUnitReportReporter -->
<testsuite hostname="ForeVision" name="testNgDepends.depends" tests="7" failures="0" timestamp="2 Dec 2019 07:14:28 GMT" time="0.020" errors="0">
  <testcase name="createteUser" time="0.001" classname="testNgDepends.depends"/>
  <testcase name="createteUser" time="0.002" classname="testNgDepends.depends"/>
  <testcase name="createteUser" time="0.002" classname="testNgDepends.depends"/>
  <testcase name="createteUser" time="0.009" classname="testNgDepends.depends"/>
  <testcase name="editeUser" time="0.002" classname="testNgDepends.depends"/>
  <testcase name="createteUser" time="0.002" classname="testNgDepends.depends"/>
  <testcase name="deleteUser" time="0.002" classname="testNgDepends.depends"/>
</testsuite> <!-- testNgDepends.depends -->
