<?xml version="1.0" encoding="UTF-8"?>
<!-- Generated by org.testng.reporters.JUnitReportReporter -->
<testsuite hostname="ForeVision" name="testNgDepends.practiceAll" tests="1" failures="0" timestamp="11 Dec 2019 11:44:42 GMT" time="0.007" errors="0">
  <testcase name="deleteUser" time="0.007" classname="testNgDepends.practiceAll"/>
</testsuite> <!-- testNgDepends.practiceAll -->
