<?xml version="1.0" encoding="UTF-8"?>
<!-- Generated by org.testng.reporters.JUnitReportReporter -->
<testsuite hostname="ForeVision" name="testNgPOM.testInValidlLoginPage2" tests="1" failures="0" timestamp="29 Nov 2019 11:34:55 GMT" time="29.954" errors="0">
  <testcase name="validLogin" time="29.954" classname="testNgPOM.testInValidlLoginPage2"/>
</testsuite> <!-- testNgPOM.testInValidlLoginPage2 -->
