<?xml version="1.0" encoding="UTF-8"?>
<!-- Generated by org.testng.reporters.JUnitReportReporter -->
<testsuite hostname="ForeVision" name="testng.testLogin" tests="1" failures="0" timestamp="27 Nov 2019 02:58:59 GMT" time="0.011" errors="0">
  <testcase name="loginPage" time="0.011" classname="testng.testLogin"/>
</testsuite> <!-- testng.testLogin -->
