<?xml version="1.0" encoding="UTF-8"?>
<!-- Generated by org.testng.reporters.JUnitReportReporter -->
<testsuite hostname="ForeVision" name="testNgDepends.group" tests="2" failures="0" timestamp="3 Dec 2019 17:19:10 GMT" time="0.012" errors="0">
  <testcase name="editeUser" time="0.003" classname="testNgDepends.group"/>
  <testcase name="createteUser" time="0.009" classname="testNgDepends.group"/>
</testsuite> <!-- testNgDepends.group -->
