<?xml version="1.0" encoding="UTF-8"?>
<!-- Generated by org.testng.reporters.JUnitReportReporter -->
<testsuite hostname="ForeVision" name="Assert.VerifieByAss2" tests="1" failures="0" timestamp="19 Dec 2019 14:10:54 GMT" time="21.951" errors="0">
  <testcase name="login" time="21.951" classname="Assert.VerifieByAss2"/>
</testsuite> <!-- Assert.VerifieByAss2 -->
