<?xml version="1.0" encoding="UTF-8"?>
<!-- Generated by org.testng.reporters.JUnitReportReporter -->
<testsuite hostname="ForeVision" name="testNgParameters.parameter" tests="1" failures="0" timestamp="12 Dec 2019 09:58:26 GMT" time="12.463" errors="0">
  <testcase name="loginTest" time="12.463" classname="testNgParameters.parameter"/>
</testsuite> <!-- testNgParameters.parameter -->
