<?xml version="1.0" encoding="UTF-8"?>
<!-- Generated by org.testng.reporters.JUnitReportReporter -->
<testsuite hostname="ForeVision" name="com.actitime.customertset.CustomerTest" tests="1" failures="0" timestamp="5 Dec 2019 05:58:32 GMT" time="0.020" errors="0">
  <testcase name="modifyCustomerTest" time="0.020" classname="com.actitime.customertset.CustomerTest"/>
</testsuite> <!-- com.actitime.customertset.CustomerTest -->
