<?xml version="1.0" encoding="UTF-8"?>
<!-- Generated by org.testng.reporters.JUnitReportReporter -->
<testsuite hostname="ForeVision" name="testNgParameters.parameter2" tests="1" failures="0" timestamp="16 Dec 2019 17:05:58 GMT" time="9.055" errors="0">
  <testcase name="loginTest" time="9.055" classname="testNgParameters.parameter2"/>
</testsuite> <!-- testNgParameters.parameter2 -->
