<?xml version="1.0" encoding="UTF-8"?>
<!-- Generated by org.testng.reporters.JUnitReportReporter -->
<testsuite hostname="ForeVision" name="com.actitime.usertest.UserTest" tests="1" failures="0" timestamp="4 Dec 2019 07:18:45 GMT" time="0.000" errors="0">
  <testcase name="createUser" time="0.000" classname="com.actitime.usertest.UserTest"/>
</testsuite> <!-- com.actitime.usertest.UserTest -->
