<?xml version="1.0" encoding="UTF-8"?>
<!-- Generated by org.testng.reporters.JUnitReportReporter -->
<testsuite hostname="ForeVision" name="testNgParameters.parameter3" tests="2" failures="0" timestamp="18 Dec 2019 16:46:04 GMT" time="123.506" errors="0">
  <testcase name="loginTest" time="70.907" classname="testNgParameters.parameter3"/>
  <testcase name="loginTest" time="52.599" classname="testNgParameters.parameter3"/>
</testsuite> <!-- testNgParameters.parameter3 -->
