<?xml version="1.0" encoding="UTF-8"?>
<!-- Generated by org.testng.reporters.JUnitReportReporter -->
<testsuite hostname="ForeVision" name="testNgparameter.repeatedloop" tests="1" failures="0" timestamp="11 Dec 2019 06:18:47 GMT" time="104.728" errors="0">
  <testcase name="repeat" time="104.728" classname="testNgparameter.repeatedloop"/>
</testsuite> <!-- testNgparameter.repeatedloop -->
