<?xml version="1.0" encoding="UTF-8"?>
<!-- Generated by org.testng.reporters.JUnitReportReporter -->
<testsuite hostname="ForeVision" name="testngA.loginPage1" tests="2" failures="0" timestamp="18 Dec 2019 16:39:05 GMT" time="0.009" errors="0">
  <testcase name="loginManager" time="0.008" classname="testngA.loginPage1"/>
  <testcase name="loginUser" time="0.001" classname="testngA.loginPage1"/>
</testsuite> <!-- testngA.loginPage1 -->
