<?xml version="1.0" encoding="UTF-8"?>
<!-- Generated by org.testng.reporters.JUnitReportReporter -->
<testsuite hostname="ForeVision" name="testNgparameter.parallelexe2" tests="2" failures="0" timestamp="11 Dec 2019 10:54:26 GMT" time="106.738" errors="0">
  <testcase name="loginPageTest" time="56.196" classname="testNgparameter.parallelexe2"/>
  <testcase name="loginPageTest" time="50.542" classname="testNgparameter.parallelexe2"/>
</testsuite> <!-- testNgparameter.parallelexe2 -->
