<?xml version="1.0" encoding="UTF-8"?>
<!-- Generated by org.testng.reporters.JUnitReportReporter -->
<testsuite hostname="ForeVision" name="testng.testLogin1" tests="1" failures="0" timestamp="27 Nov 2019 02:58:59 GMT" time="0.001" errors="0">
  <testcase name="sujay" time="0.001" classname="testng.testLogin1"/>
</testsuite> <!-- testng.testLogin1 -->
