<?xml version="1.0" encoding="UTF-8"?>
<!-- Generated by org.testng.reporters.JUnitReportReporter -->
<testsuite hostname="ForeVision" name="Assert.Assert" tests="1" failures="0" timestamp="19 Dec 2019 13:25:19 GMT" time="13.040" errors="0">
  <testcase name="login" time="13.040" classname="Assert.Assert"/>
</testsuite> <!-- Assert.Assert -->
